<?xml version="1.0" encoding="UTF-8"?>
<testsuite xmlns:xsi="http://www.w3.org/2001/XMLSchema-instance" xsi:noNamespaceSchemaLocation="https://maven.apache.org/surefire/maven-surefire-plugin/xsd/surefire-test-report-3.0.xsd" version="3.0" name="pdt.playground.Junit5ExampleFeaturesTest" time="0.179" tests="19" errors="0" skipped="1" failures="1">
  <properties>
[...]
</properties>
  <testcase name="parameterizedTestActualExpected(String, int)[1]" classname="pdt.playground.Junit5ExampleFeaturesTest" time="0.037">
    <system-out><![CDATA[Before ALL
Initialize test data for Word ADF have 3 letters
Clean up test data for Word ADF have 3 letters
]]></system-out>
  </testcase>
  <testcase name="parameterizedTestActualExpected(String, int)[2]" classname="pdt.playground.Junit5ExampleFeaturesTest" time="0">
    <system-out><![CDATA[Initialize test data for Word sass have 4 letters
Clean up test data for Word sass have 4 letters
]]></system-out>
  </testcase>
  <testcase name="exampleOfDisabledTest" classname="pdt.playground.Junit5ExampleFeaturesTest" time="0">
    <skipped message="public void pdt.playground.Junit5ExampleFeaturesTest.exampleOfDisabledTest() is @Disabled"/>
  </testcase>
  <testcase name="performanceTest" classname="pdt.playground.Junit5ExampleFeaturesTest" time="0.016">
    <system-out><![CDATA[Initialize test data for performanceTest()
Call the code here
Clean up test data for performanceTest()
]]></system-out>
  </testcase>
  <testcase name="test" classname="pdt.playground.Junit5ExampleFeaturesTest" time="0">
    <failure type="org.opentest4j.AssertionFailedError"><![CDATA[org.opentest4j.AssertionFailedError: expected: <0> but was: <1>
	at pdt.playground.Junit5ExampleFeaturesTest.test(Junit5ExampleFeaturesTest.java:33)
]]></failure>
    <system-out><![CDATA[Initialize test data for Test first test
Clean up test data for Test first test
]]></system-out>
  </testcase>
  <testcase name="repeatTest" classname="pdt.playground.Junit5ExampleFeaturesTest" time="0.015">
    <system-out><![CDATA[Initialize test data for repetition 1 of 10
Clean up test data for repetition 1 of 10
]]></system-out>
  </testcase>
  <testcase name="repeatTest" classname="pdt.playground.Junit5ExampleFeaturesTest" time="0">
    <system-out><![CDATA[Initialize test data for repetition 2 of 10
Clean up test data for repetition 2 of 10
]]></system-out>
  </testcase>
  <testcase name="repeatTest" classname="pdt.playground.Junit5ExampleFeaturesTest" time="0">
    <system-out><![CDATA[Initialize test data for repetition 3 of 10
Clean up test data for repetition 3 of 10
]]></system-out>
  </testcase>
  <testcase name="repeatTest" classname="pdt.playground.Junit5ExampleFeaturesTest" time="0">
    <system-out><![CDATA[Initialize test data for repetition 4 of 10
Clean up test data for repetition 4 of 10
]]></system-out>
  </testcase>
  <testcase name="repeatTest" classname="pdt.playground.Junit5ExampleFeaturesTest" time="0">
    <system-out><![CDATA[Initialize test data for repetition 5 of 10
Clean up test data for repetition 5 of 10
]]></system-out>
  </testcase>
  <testcase name="repeatTest" classname="pdt.playground.Junit5ExampleFeaturesTest" time="0">
    <system-out><![CDATA[Initialize test data for repetition 6 of 10
Clean up test data for repetition 6 of 10
]]></system-out>
  </testcase>
  <testcase name="repeatTest" classname="pdt.playground.Junit5ExampleFeaturesTest" time="0">
    <system-out><![CDATA[Initialize test data for repetition 7 of 10
Clean up test data for repetition 7 of 10
]]></system-out>
  </testcase>
  <testcase name="repeatTest" classname="pdt.playground.Junit5ExampleFeaturesTest" time="0">
    <system-out><![CDATA[Initialize test data for repetition 8 of 10
Clean up test data for repetition 8 of 10
]]></system-out>
  </testcase>
  <testcase name="repeatTest" classname="pdt.playground.Junit5ExampleFeaturesTest" time="0">
    <system-out><![CDATA[Initialize test data for repetition 9 of 10
Clean up test data for repetition 9 of 10
]]></system-out>
  </testcase>
  <testcase name="repeatTest" classname="pdt.playground.Junit5ExampleFeaturesTest" time="0.016">
    <system-out><![CDATA[Initialize test data for repetition 10 of 10
Clean up test data for repetition 10 of 10
]]></system-out>
  </testcase>
  <testcase name="parameterizedTest(String)[1]" classname="pdt.playground.Junit5ExampleFeaturesTest" time="0">
    <system-out><![CDATA[Initialize test data for [1] ADF
Clean up test data for [1] ADF
]]></system-out>
  </testcase>
  <testcase name="parameterizedTest(String)[2]" classname="pdt.playground.Junit5ExampleFeaturesTest" time="0">
    <system-out><![CDATA[Initialize test data for [2] sass
Clean up test data for [2] sass
]]></system-out>
  </testcase>
  <testcase name="parameterizedTest(String)[3]" classname="pdt.playground.Junit5ExampleFeaturesTest" time="0">
    <system-out><![CDATA[Initialize test data for [3] w
Clean up test data for [3] w
]]></system-out>
  </testcase>
  <testcase name="testThrows" classname="pdt.playground.Junit5ExampleFeaturesTest" time="0">
    <system-out><![CDATA[Initialize test data for Testing null point exception
Clean up test data for Testing null point exception
]]></system-out>
  </testcase>
</testsuite>